[2025-01-16 11:49:50] slim-app.INFO: Slim-Skeleton '/' login [] {"uid":"b20ada7"}
[2025-01-16 11:50:28] slim-app.INFO: Slim-Skeleton '/' registro} [] {"uid":"2012dc5"}
[2025-01-16 11:50:28] slim-app.INFO: Slim-Skeleton '/' login [] {"uid":"a7693b3"}
[2025-01-16 11:50:32] slim-app.INFO: Slim-Skeleton '/' registro [] {"uid":"43887f5"}
[2025-01-16 11:50:47] slim-app.INFO: Slim-Skeleton '/' registro [] {"uid":"44bf084"}
[2025-01-16 11:58:24] slim-app.INFO: Slim-Skeleton '/' registro [] {"uid":"1be3572"}
[2025-01-16 12:24:43] slim-app.INFO: Slim-Skeleton '/' registro [] {"uid":"a0baf94"}
[2025-01-16 12:25:05] slim-app.INFO: Slim-Skeleton '/' registro [] {"uid":"1744000"}
[2025-01-16 12:29:03] slim-app.INFO: Slim-Skeleton '/' registro [] {"uid":"c7d8778"}
[2025-01-16 13:05:18] slim-app.INFO: Slim-Skeleton '/' registro [] {"uid":"96ddef3"}
[2025-01-16 13:05:50] slim-app.INFO: Slim-Skeleton '/' registro [] {"uid":"c1228d8"}
[2025-01-16 15:44:00] slim-app.INFO: Slim-Skeleton '/' registro [] {"uid":"1d9c9dc"}
[2025-01-17 09:42:54] slim-app.INFO: Slim-Skeleton '/' login [] {"uid":"cbf1601"}
[2025-01-17 09:43:04] slim-app.INFO: Slim-Skeleton '/'  [] {"uid":"1e39b41"}
[2025-01-17 09:43:46] slim-app.INFO: Slim-Skeleton '/'  [] {"uid":"37acee7"}
[2025-01-17 11:04:19] slim-app.INFO: Slim-Skeleton '/'  [] {"uid":"e5b2f47"}
[2025-01-17 11:09:38] slim-app.INFO: Slim-Skeleton '/'  [] {"uid":"b906289"}
[2025-01-17 11:18:22] slim-app.INFO: Slim-Skeleton '/'  [] {"uid":"31fdf07"}
[2025-01-17 11:18:25] slim-app.INFO: Slim-Skeleton '/' login [] {"uid":"7a27063"}
[2025-01-17 11:18:35] slim-app.INFO: Slim-Skeleton '/'  [] {"uid":"6fdfb99"}
[2025-01-17 11:20:43] slim-app.INFO: Slim-Skeleton '/'  [] {"uid":"58c8aa0"}
[2025-02-05 16:33:53] slim-app.INFO: Slim-Skeleton '/' login [] {"uid":"64e3482"}
[2025-02-05 16:34:08] slim-app.INFO: Slim-Skeleton '/'  [] {"uid":"72bee68"}
[2025-02-05 16:44:36] slim-app.INFO: Slim-Skeleton '/'  [] {"uid":"eb61be4"}
[2025-02-05 16:45:28] slim-app.INFO: Slim-Skeleton '/'  [] {"uid":"0928c7b"}
[2025-02-05 16:45:41] slim-app.INFO: Slim-Skeleton '/'  [] {"uid":"c4643a5"}
[2026-01-16 09:43:21] slim-app.INFO: Slim-Skeleton '/' login [] {"uid":"56c907e"}
[2026-01-16 09:43:26] slim-app.INFO: Slim-Skeleton '/' registro [] {"uid":"032266f"}
[2026-01-16 09:43:35] slim-app.INFO: Slim-Skeleton '/' registro [] {"uid":"473ee4a"}
[2026-01-16 09:43:39] slim-app.INFO: Slim-Skeleton '/' registro [] {"uid":"1f13ec9"}
[2026-01-16 10:19:08] slim-app.INFO: Slim-Skeleton '/' registro [] {"uid":"874b822"}
[2026-01-16 10:19:18] slim-app.INFO: Slim-Skeleton '/' registro [] {"uid":"dd593fe"}
[2026-01-16 10:19:50] slim-app.INFO: Slim-Skeleton '/' registro [] {"uid":"5372603"}
[2026-01-16 10:20:21] slim-app.INFO: Slim-Skeleton '/' registro [] {"uid":"ff8d2a7"}
[2026-01-16 10:20:22] slim-app.INFO: Slim-Skeleton '/' registro [] {"uid":"a93d16e"}
[2026-01-16 10:23:36] slim-app.INFO: Slim-Skeleton '/' registro [] {"uid":"e953027"}
[2026-01-16 10:23:41] slim-app.INFO: Slim-Skeleton '/' registro [] {"uid":"862de39"}
[2026-01-16 10:23:42] slim-app.INFO: Slim-Skeleton '/' registro [] {"uid":"e8d3231"}
[2026-01-16 10:23:43] slim-app.INFO: Slim-Skeleton '/' registro [] {"uid":"64bbe14"}
[2026-01-16 10:24:24] slim-app.INFO: Slim-Skeleton '/' registro [] {"uid":"483a2b8"}
[2026-01-16 10:24:42] slim-app.INFO: Slim-Skeleton '/' registro [] {"uid":"676e001"}
[2026-01-16 10:24:52] slim-app.INFO: Slim-Skeleton '/' registro [] {"uid":"abd739b"}
[2026-01-16 10:25:13] slim-app.INFO: Slim-Skeleton '/' registro [] {"uid":"5da205f"}
[2026-01-16 10:25:28] slim-app.INFO: Slim-Skeleton '/' registro [] {"uid":"5806a4c"}
[2026-01-16 10:25:36] slim-app.INFO: Slim-Skeleton '/' registro [] {"uid":"8d3e02e"}
[2026-01-16 10:25:37] slim-app.INFO: Slim-Skeleton '/' registro [] {"uid":"403a81d"}
[2026-01-16 10:25:45] slim-app.INFO: Slim-Skeleton '/' registro [] {"uid":"f4b5b8e"}
[2026-01-16 10:27:29] slim-app.INFO: Slim-Skeleton '/' registro [] {"uid":"f29df6f"}
[2026-01-16 10:27:53] slim-app.INFO: Slim-Skeleton '/' registro [] {"uid":"1017eb8"}
[2026-01-16 10:28:01] slim-app.INFO: Slim-Skeleton '/' registro [] {"uid":"4c8bcaf"}
[2026-01-16 10:28:21] slim-app.INFO: Slim-Skeleton '/' registro [] {"uid":"6324bd1"}
[2026-01-16 10:30:09] slim-app.INFO: Slim-Skeleton '/' registro [] {"uid":"7f33907"}
[2026-01-16 10:30:34] slim-app.INFO: Slim-Skeleton '/' registro [] {"uid":"53aa7e1"}
[2026-01-16 10:31:07] slim-app.INFO: Slim-Skeleton '/' registro [] {"uid":"0cf0979"}
[2026-01-16 10:31:20] slim-app.INFO: Slim-Skeleton '/' registro [] {"uid":"3725952"}
[2026-01-16 10:31:37] slim-app.INFO: Slim-Skeleton '/' registro [] {"uid":"9486d82"}
[2026-01-16 10:31:51] slim-app.INFO: Slim-Skeleton '/' registro [] {"uid":"f8dd785"}
[2026-01-16 10:32:01] slim-app.INFO: Slim-Skeleton '/' registro [] {"uid":"d2355bd"}
[2026-01-16 10:32:19] slim-app.INFO: Slim-Skeleton '/' registro [] {"uid":"4a54be1"}
[2026-01-16 10:32:48] slim-app.INFO: Slim-Skeleton '/' registro [] {"uid":"ee60025"}
[2026-01-16 10:33:10] slim-app.INFO: Slim-Skeleton '/' registro [] {"uid":"c217e7e"}
[2026-01-16 10:39:07] slim-app.INFO: Slim-Skeleton '/' registro [] {"uid":"921cac6"}
[2026-01-16 10:40:04] slim-app.INFO: Slim-Skeleton '/' registro [] {"uid":"8fdc2a8"}
[2026-01-16 10:41:11] slim-app.INFO: Slim-Skeleton '/' registro [] {"uid":"7bb8257"}
[2026-01-16 10:41:25] slim-app.INFO: Slim-Skeleton '/' registro [] {"uid":"4776c9b"}
[2026-01-16 10:41:26] slim-app.INFO: Slim-Skeleton '/' registro [] {"uid":"bdb76fc"}
[2026-01-16 10:41:43] slim-app.INFO: Slim-Skeleton '/' registro [] {"uid":"18b799f"}
[2026-01-16 10:41:53] slim-app.INFO: Slim-Skeleton '/' registro [] {"uid":"b63077c"}
[2026-01-16 10:42:08] slim-app.INFO: Slim-Skeleton '/' registro [] {"uid":"c6da522"}
[2026-01-16 10:43:03] slim-app.INFO: Slim-Skeleton '/' registro [] {"uid":"4d65490"}
[2026-01-16 10:43:36] slim-app.INFO: Slim-Skeleton '/' registro [] {"uid":"4899c4d"}
[2026-01-16 10:43:45] slim-app.INFO: Slim-Skeleton '/' registro [] {"uid":"e561812"}
[2026-01-16 10:44:00] slim-app.INFO: Slim-Skeleton '/' registro [] {"uid":"e15a212"}
[2026-01-16 10:44:16] slim-app.INFO: Slim-Skeleton '/' registro [] {"uid":"106afd2"}
[2026-01-16 10:45:40] slim-app.INFO: Slim-Skeleton '/' registro [] {"uid":"f8f2a44"}
[2026-01-16 10:45:52] slim-app.INFO: Slim-Skeleton '/' registro [] {"uid":"7668fde"}
[2026-01-16 10:46:02] slim-app.INFO: Slim-Skeleton '/' registro [] {"uid":"d79c22b"}
[2026-01-16 10:46:17] slim-app.INFO: Slim-Skeleton '/' registro [] {"uid":"b59e409"}
[2026-01-16 10:46:32] slim-app.INFO: Slim-Skeleton '/' registro [] {"uid":"681ebf7"}
[2026-01-16 10:46:41] slim-app.INFO: Slim-Skeleton '/' registro [] {"uid":"0b416a4"}
[2026-01-16 10:46:50] slim-app.INFO: Slim-Skeleton '/' registro [] {"uid":"4d50944"}
[2026-01-16 10:48:05] slim-app.INFO: Slim-Skeleton '/' registro [] {"uid":"2171aee"}
[2026-01-16 10:48:13] slim-app.INFO: Slim-Skeleton '/' registro [] {"uid":"d5079f9"}
[2026-01-16 10:49:06] slim-app.INFO: Slim-Skeleton '/' registro [] {"uid":"0a2d44e"}
[2026-01-16 10:49:16] slim-app.INFO: Slim-Skeleton '/' registro [] {"uid":"0a4fd2c"}
[2026-01-16 10:50:21] slim-app.INFO: Slim-Skeleton '/' registro [] {"uid":"1c7fdf7"}
[2026-01-16 10:51:06] slim-app.INFO: Slim-Skeleton '/' registro [] {"uid":"59c51a7"}
[2026-01-16 10:56:18] slim-app.INFO: Slim-Skeleton '/' registro [] {"uid":"5de7c9e"}
[2026-01-16 12:52:55] slim-app.INFO: Slim-Skeleton '/' registro [] {"uid":"12d1aae"}
[2026-01-16 12:53:27] slim-app.INFO: Slim-Skeleton '/' registro [] {"uid":"ccdc4d6"}
[2026-01-16 12:56:49] slim-app.INFO: Slim-Skeleton '/' registro [] {"uid":"2dcb7f9"}
[2026-01-16 12:58:26] slim-app.INFO: Slim-Skeleton '/' registro [] {"uid":"b130278"}
[2026-01-16 12:58:30] slim-app.INFO: Slim-Skeleton '/' registro [] {"uid":"bfca59c"}
[2026-01-16 13:03:45] slim-app.INFO: Slim-Skeleton '/' registro [] {"uid":"bfb629a"}
[2026-01-16 13:04:44] slim-app.INFO: Slim-Skeleton '/' registro [] {"uid":"98dc6c9"}
[2026-01-16 17:44:10] slim-app.INFO: Slim-Skeleton '/' registro [] {"uid":"0e40653"}
[2026-01-16 17:44:17] slim-app.INFO: Slim-Skeleton '/' registro [] {"uid":"d0b197b"}
[2026-01-16 17:44:17] slim-app.INFO: Slim-Skeleton '/' registro [] {"uid":"e4943bd"}
[2026-01-19 09:53:04] slim-app.INFO: Slim-Skeleton '/' login [] {"uid":"12fc0d6"}
[2026-01-19 09:53:09] slim-app.INFO: Slim-Skeleton '/' registro [] {"uid":"81c9315"}
[2026-01-19 10:27:08] slim-app.INFO: Slim-Skeleton '/' registro [] {"uid":"f9326f7"}
[2026-01-19 10:35:27] slim-app.INFO: Slim-Skeleton '/' registro [] {"uid":"d9cac5c"}
[2026-01-19 10:48:32] slim-app.INFO: Slim-Skeleton '/' registro [] {"uid":"d5f0c2f"}
[2026-01-19 11:12:53] slim-app.INFO: Slim-Skeleton '/' registro [] {"uid":"57998de"}
[2026-01-19 11:15:27] slim-app.INFO: Slim-Skeleton '/' registro [] {"uid":"177bcbd"}
[2026-01-19 11:16:53] slim-app.INFO: Slim-Skeleton '/' registro [] {"uid":"a10f9a5"}
[2026-01-19 11:24:00] slim-app.INFO: Slim-Skeleton '/' registro [] {"uid":"b805fd7"}
[2026-01-19 11:26:36] slim-app.INFO: Slim-Skeleton '/' registro [] {"uid":"bf1759f"}
[2026-01-19 13:11:28] slim-app.INFO: Slim-Skeleton '/' registro [] {"uid":"1eee251"}
[2026-01-19 13:26:26] slim-app.INFO: Slim-Skeleton '/' registro [] {"uid":"cd9680e"}
[2026-01-19 13:26:29] slim-app.INFO: Slim-Skeleton '/' registro [] {"uid":"e7de1e5"}
[2026-01-19 13:26:41] slim-app.INFO: Slim-Skeleton '/' registro [] {"uid":"7356711"}
[2026-01-19 13:28:20] slim-app.INFO: Slim-Skeleton '/' registro [] {"uid":"f8dbc84"}
[2026-01-19 13:28:22] slim-app.INFO: Slim-Skeleton '/' registro [] {"uid":"d6f6683"}
[2026-01-19 13:29:03] slim-app.INFO: Slim-Skeleton '/' registro [] {"uid":"3d682b3"}
[2026-01-19 13:30:05] slim-app.INFO: Slim-Skeleton '/' registro [] {"uid":"4c2a83d"}
[2026-01-19 13:39:04] slim-app.INFO: Slim-Skeleton '/' registro [] {"uid":"e493a05"}
[2026-01-19 13:47:38] slim-app.INFO: Slim-Skeleton '/' registro [] {"uid":"3a18585"}
[2026-01-19 13:49:44] slim-app.INFO: Slim-Skeleton '/' registro [] {"uid":"bd5ed5a"}
[2026-01-19 13:57:29] slim-app.INFO: Slim-Skeleton '/' registro [] {"uid":"dcf79bf"}
[2026-01-19 15:24:31] slim-app.INFO: Slim-Skeleton '/' registro [] {"uid":"c32ff9b"}
[2026-01-19 17:08:57] slim-app.INFO: Slim-Skeleton '/' registro [] {"uid":"2786d7e"}
[2026-01-19 17:10:17] slim-app.INFO: Slim-Skeleton '/' registro [] {"uid":"ef2a991"}
[2026-01-19 17:12:23] slim-app.INFO: Slim-Skeleton '/' registro [] {"uid":"64e4e40"}
[2026-01-19 17:13:47] slim-app.INFO: Slim-Skeleton '/' registro [] {"uid":"0653141"}
[2026-01-19 17:15:03] slim-app.INFO: Slim-Skeleton '/' registro [] {"uid":"8b7bfdd"}
[2026-01-19 17:15:23] slim-app.INFO: Slim-Skeleton '/' registro [] {"uid":"f2a43ac"}
[2026-01-19 17:16:35] slim-app.INFO: Slim-Skeleton '/' registro [] {"uid":"f273ef7"}
[2026-01-20 09:33:30] slim-app.INFO: Slim-Skeleton '/' login [] {"uid":"e0d0a80"}
[2026-01-20 09:33:35] slim-app.INFO: Slim-Skeleton '/' registro [] {"uid":"241b0ab"}
[2026-01-20 11:24:36] slim-app.INFO: Slim-Skeleton '/' registro [] {"uid":"0b841c3"}
[2026-01-20 11:24:42] slim-app.INFO: Slim-Skeleton '/' login [] {"uid":"c37ae99"}
[2026-01-20 11:25:01] slim-app.INFO: Slim-Skeleton 'usuario/login/' 1 [] {"uid":"9e7c1ee"}
[2026-01-20 11:25:02] slim-app.INFO: Slim-Skeleton '/' registros [] {"uid":"122dce5"}
[2026-01-20 11:38:54] slim-app.INFO: Slim-Skeleton '/' registros [] {"uid":"30959bc"}
[2026-01-20 11:41:52] slim-app.INFO: Slim-Skeleton '/' login [] {"uid":"254ab6d"}
[2026-01-20 11:42:02] slim-app.INFO: Slim-Skeleton 'usuario/login/' 1 [] {"uid":"d648d97"}
[2026-01-20 11:42:02] slim-app.INFO: Slim-Skeleton '/' registros [] {"uid":"8027acd"}
[2026-01-20 12:26:42] slim-app.INFO: Slim-Skeleton '/' registros [] {"uid":"baf8a71"}
[2026-01-20 12:28:23] slim-app.INFO: Slim-Skeleton '/' registros [] {"uid":"1113beb"}
[2026-01-20 12:28:30] slim-app.INFO: Slim-Skeleton '/' registros [] {"uid":"51c28b7"}
[2026-01-20 12:28:46] slim-app.INFO: Slim-Skeleton '/' registros [] {"uid":"85514a5"}
[2026-01-20 12:36:26] slim-app.INFO: Slim-Skeleton '/' registros [] {"uid":"ebeb8b0"}
[2026-01-20 12:36:52] slim-app.INFO: Slim-Skeleton '/' registros [] {"uid":"09e1aee"}
[2026-01-20 12:37:04] slim-app.INFO: Slim-Skeleton '/' registros [] {"uid":"6d15ee3"}
[2026-01-20 12:38:36] slim-app.INFO: Slim-Skeleton '/' registros [] {"uid":"9f3d333"}
[2026-01-20 12:39:01] slim-app.INFO: Slim-Skeleton '/' registros [] {"uid":"81ab875"}
[2026-01-20 12:39:14] slim-app.INFO: Slim-Skeleton '/' registros [] {"uid":"36a1206"}
[2026-01-20 12:39:21] slim-app.INFO: Slim-Skeleton '/' registros [] {"uid":"b308eee"}
[2026-01-20 12:39:28] slim-app.INFO: Slim-Skeleton '/' registros [] {"uid":"ef21ea7"}
[2026-01-20 12:39:35] slim-app.INFO: Slim-Skeleton '/' registros [] {"uid":"d4cd679"}
[2026-01-20 12:39:51] slim-app.INFO: Slim-Skeleton '/' registros [] {"uid":"593e3f9"}
[2026-01-20 12:40:00] slim-app.INFO: Slim-Skeleton '/' registros [] {"uid":"2ec7094"}
[2026-01-20 12:42:33] slim-app.INFO: Slim-Skeleton '/' registros [] {"uid":"d2340fd"}
[2026-01-20 12:42:51] slim-app.INFO: Slim-Skeleton '/' registros [] {"uid":"ad6be36"}
[2026-01-20 12:42:57] slim-app.INFO: Slim-Skeleton '/' registros [] {"uid":"5b3ea3f"}
[2026-01-20 12:43:06] slim-app.INFO: Slim-Skeleton '/' registros [] {"uid":"d183502"}
[2026-01-20 12:43:15] slim-app.INFO: Slim-Skeleton '/' registros [] {"uid":"cc4e82f"}
[2026-01-20 12:43:23] slim-app.INFO: Slim-Skeleton '/' registros [] {"uid":"db10ec7"}
[2026-01-20 12:43:29] slim-app.INFO: Slim-Skeleton '/' registros [] {"uid":"f55e379"}
[2026-01-20 12:43:44] slim-app.INFO: Slim-Skeleton '/' registros [] {"uid":"62c124a"}
[2026-01-20 12:43:50] slim-app.INFO: Slim-Skeleton '/' registros [] {"uid":"7800be2"}
[2026-01-20 12:43:56] slim-app.INFO: Slim-Skeleton '/' registros [] {"uid":"0ef0b98"}
[2026-01-20 12:44:24] slim-app.INFO: Slim-Skeleton '/' registros [] {"uid":"72ac6ba"}
[2026-01-20 12:44:37] slim-app.INFO: Slim-Skeleton '/' registros [] {"uid":"9c6f512"}
[2026-01-20 12:44:38] slim-app.INFO: Slim-Skeleton '/' registros [] {"uid":"a1e26e6"}
[2026-01-20 12:44:47] slim-app.INFO: Slim-Skeleton '/' registros [] {"uid":"4ede606"}
[2026-01-20 12:45:40] slim-app.INFO: Slim-Skeleton '/' registros [] {"uid":"d3f7274"}
[2026-01-20 12:48:10] slim-app.INFO: Slim-Skeleton '/' login [] {"uid":"8d61fd2"}
[2026-01-20 12:48:20] slim-app.INFO: Slim-Skeleton 'usuario/login/' 1 [] {"uid":"34e89a6"}
[2026-01-20 12:48:20] slim-app.INFO: Slim-Skeleton '/' registros [] {"uid":"e6bccdc"}
[2026-01-20 12:48:49] slim-app.INFO: Slim-Skeleton '/' registro [] {"uid":"4bed48f"}
[2026-01-20 12:58:08] slim-app.INFO: Slim-Skeleton '/' login [] {"uid":"3093cb7"}
[2026-01-20 12:58:12] slim-app.INFO: Slim-Skeleton '/' registro [] {"uid":"d914f8e"}
[2026-01-20 13:23:13] slim-app.INFO: Slim-Skeleton '/' registro [] {"uid":"06a5037"}
[2026-01-20 13:25:57] slim-app.INFO: Slim-Skeleton '/' registro [] {"uid":"96e7280"}
[2026-01-20 13:26:01] slim-app.INFO: Slim-Skeleton '/' login [] {"uid":"dc0a5e3"}
[2026-01-20 13:26:13] slim-app.INFO: Slim-Skeleton 'usuario/login/' 1 [] {"uid":"8e4bc59"}
[2026-01-20 13:26:13] slim-app.INFO: Slim-Skeleton '/' registros [] {"uid":"9c6cb64"}
[2026-01-20 13:29:28] slim-app.INFO: Slim-Skeleton '/' registros [] {"uid":"8bc0074"}
[2026-01-20 13:30:16] slim-app.INFO: Slim-Skeleton '/' registros [] {"uid":"764f13b"}
[2026-01-20 13:30:31] slim-app.INFO: Slim-Skeleton '/' registros [] {"uid":"91cca3c"}
[2026-01-20 13:34:27] slim-app.INFO: Slim-Skeleton '/' registro [] {"uid":"301c14e"}
[2026-01-20 13:43:44] slim-app.INFO: Slim-Skeleton '/' registro [] {"uid":"280f585"}
[2026-01-20 13:47:00] slim-app.INFO: Slim-Skeleton '/' registro [] {"uid":"f5294f3"}
[2026-01-20 13:48:40] slim-app.INFO: Slim-Skeleton '/' registro [] {"uid":"68fc432"}
[2026-01-20 13:52:04] slim-app.INFO: Slim-Skeleton '/' registro [] {"uid":"0566d57"}
[2026-01-20 13:53:51] slim-app.INFO: Slim-Skeleton '/' registro [] {"uid":"8611ea7"}
[2026-01-20 13:54:44] slim-app.INFO: Slim-Skeleton '/' registro [] {"uid":"69d81f1"}
[2026-01-20 13:56:13] slim-app.INFO: Slim-Skeleton '/' registro [] {"uid":"ce37561"}
[2026-01-20 13:56:50] slim-app.INFO: Slim-Skeleton '/' registro [] {"uid":"c82feb2"}
[2026-01-20 13:57:31] slim-app.INFO: Slim-Skeleton '/' registro [] {"uid":"d935076"}
[2026-01-20 13:59:22] slim-app.INFO: Slim-Skeleton '/' registro [] {"uid":"e669cb6"}
[2026-04-28 14:28:51] slim-app.INFO: Slim-Skeleton '/'  [] {"uid":"75c1a2f"}
[2026-04-28 14:30:00] slim-app.INFO: Slim-Skeleton '/' registros [] {"uid":"d731b72"}
[2026-04-28 14:30:00] slim-app.INFO: Slim-Skeleton '/' login [] {"uid":"7569cc7"}
[2026-04-28 14:30:48] slim-app.INFO: Slim-Skeleton '/' login [] {"uid":"e970d3f"}
[2026-04-28 14:46:58] slim-app.INFO: Slim-Skeleton '/' login [] {"uid":"33ea420"}
[2026-04-28 14:47:19] slim-app.INFO: Slim-Skeleton '/' login [] {"uid":"fe178ef"}
[2026-04-28 14:47:22] slim-app.INFO: Slim-Skeleton '/' login [] {"uid":"916c0ef"}
[2026-04-28 14:49:00] slim-app.INFO: Slim-Skeleton '/' login [] {"uid":"a636697"}
[2026-04-28 14:49:11] slim-app.INFO: Slim-Skeleton 'usuario/login/' 1 [] {"uid":"8da8e87"}
[2026-04-28 14:49:11] slim-app.INFO: Slim-Skeleton '/' registros [] {"uid":"2579c9b"}
[2026-04-28 17:30:16] slim-app.INFO: Slim-Skeleton '/' login [] {"uid":"bb01172"}
[2026-04-29 12:56:41] slim-app.INFO: Slim-Skeleton '/' login [] {"uid":"82c24bf"}
[2026-04-29 12:56:53] slim-app.INFO: Slim-Skeleton 'usuario/login/' 1 [] {"uid":"8a0d1f5"}
[2026-04-29 12:56:53] slim-app.INFO: Slim-Skeleton '/' registros [] {"uid":"d526ca1"}
[2026-04-29 12:56:57] slim-app.INFO: Slim-Skeleton '/' login [] {"uid":"f98d077"}
[2026-04-29 14:03:09] slim-app.INFO: Slim-Skeleton '/' login [] {"uid":"7fbb403"}
[2026-04-29 14:05:27] slim-app.INFO: Slim-Skeleton '/' login [] {"uid":"87e20c2"}
[2026-04-29 14:06:14] slim-app.INFO: Slim-Skeleton 'usuario/login/' 1 [] {"uid":"ca0dd12"}
[2026-04-29 14:06:15] slim-app.INFO: Slim-Skeleton '/' registros [] {"uid":"820b65f"}
[2026-04-29 16:48:01] slim-app.INFO: Slim-Skeleton '/' registros [] {"uid":"213db2d"}
[2026-04-29 16:48:11] slim-app.INFO: Slim-Skeleton '/'  [] {"uid":"9a97092"}
[2026-04-29 16:48:16] slim-app.INFO: Slim-Skeleton '/'  [] {"uid":"4f80de3"}
[2026-04-29 16:48:20] slim-app.INFO: Slim-Skeleton '/' login [] {"uid":"ce5e851"}
[2026-04-29 16:48:54] slim-app.INFO: Slim-Skeleton '/' login [] {"uid":"3ba83ca"}
[2026-04-29 16:48:58] slim-app.INFO: Slim-Skeleton '/'  [] {"uid":"19bb86c"}
[2026-04-29 16:52:07] slim-app.INFO: Slim-Skeleton '/'  [] {"uid":"b47c4b7"}
[2026-04-29 16:52:09] slim-app.INFO: Slim-Skeleton '/'  [] {"uid":"d298161"}
[2026-04-29 16:52:10] slim-app.INFO: Slim-Skeleton '/'  [] {"uid":"a1fea99"}
[2026-04-29 16:52:12] slim-app.INFO: Slim-Skeleton '/'  [] {"uid":"ef73178"}
[2026-04-29 16:52:21] slim-app.INFO: Slim-Skeleton '/'  [] {"uid":"4570668"}
[2026-04-29 17:18:09] slim-app.INFO: Slim-Skeleton '/'  [] {"uid":"29b25cd"}
[2026-04-29 17:29:36] slim-app.INFO: Slim-Skeleton '/'  [] {"uid":"65c33ce"}
[2026-04-29 17:29:37] slim-app.INFO: Slim-Skeleton '/'  [] {"uid":"8ee2a3c"}
[2026-04-29 17:42:49] slim-app.INFO: Slim-Skeleton '/'  [] {"uid":"dcc681a"}
[2026-04-29 17:42:52] slim-app.INFO: Slim-Skeleton '/'  [] {"uid":"6b2f2bb"}
[2026-04-29 17:43:03] slim-app.INFO: Slim-Skeleton '/' registro [] {"uid":"33ff57a"}
[2026-04-29 18:40:37] slim-app.INFO: Slim-Skeleton '/' registro [] {"uid":"3a2d3b5"}
[2026-04-29 18:40:46] slim-app.INFO: Slim-Skeleton 'usuario/login/' 1 [] {"uid":"98796be"}
[2026-04-29 18:40:46] slim-app.INFO: Slim-Skeleton '/' registros [] {"uid":"d65b77e"}
[2026-04-29 18:41:47] slim-app.INFO: Slim-Skeleton '/' login [] {"uid":"8f55e21"}
[2026-04-29 18:41:49] slim-app.INFO: Slim-Skeleton '/' login [] {"uid":"dbc33c2"}
[2026-04-29 18:41:57] slim-app.INFO: Slim-Skeleton 'usuario/login/' 1 [] {"uid":"bab6b1e"}
[2026-04-29 18:41:57] slim-app.INFO: Slim-Skeleton '/' registros [] {"uid":"9456c8d"}
[2026-04-29 18:42:00] slim-app.INFO: Slim-Skeleton '/' usuarios [] {"uid":"a8fb1fe"}
[2026-04-29 18:42:36] slim-app.INFO: Slim-Skeleton '/' login [] {"uid":"bd827a3"}
[2026-04-29 18:42:49] slim-app.INFO: Slim-Skeleton 'usuario/login/' 3 [] {"uid":"a1877f4"}
[2026-04-29 18:42:50] slim-app.INFO: Slim-Skeleton '/' registros [] {"uid":"8cb90d6"}
[2026-04-29 18:42:52] slim-app.INFO: Slim-Skeleton '/' usuarios [] {"uid":"7c0b91f"}
[2026-04-29 18:42:57] slim-app.INFO: Slim-Skeleton '/' registros [] {"uid":"a332938"}
[2026-05-04 17:31:11] slim-app.INFO: Slim-Skeleton '/' login [] {"uid":"3bc5b31"}
[2026-05-12 14:12:16] slim-app.INFO: Slim-Skeleton '/' login [] {"uid":"4b48746"}
[2026-05-12 14:12:28] slim-app.INFO: Slim-Skeleton '/' login [] {"uid":"65faed3"}
[2026-05-12 14:13:37] slim-app.INFO: Slim-Skeleton '/' login [] {"uid":"ea8a542"}
[2026-05-12 14:13:45] slim-app.INFO: Slim-Skeleton 'usuario/login/' 1 [] {"uid":"6efce01"}
[2026-05-12 14:13:45] slim-app.INFO: Slim-Skeleton '/' registros [] {"uid":"fa4697f"}
[2026-05-12 14:15:09] slim-app.INFO: Slim-Skeleton '/' registros [] {"uid":"48888a1"}
[2026-05-12 14:20:27] slim-app.INFO: Slim-Skeleton '/' registros [] {"uid":"3f0c366"}
[2026-05-12 14:24:39] slim-app.INFO: Slim-Skeleton '/' login [] {"uid":"c82b44e"}
[2026-05-12 14:24:49] slim-app.INFO: Slim-Skeleton 'usuario/login/' 1 [] {"uid":"02c729e"}
[2026-05-12 14:24:49] slim-app.INFO: Slim-Skeleton '/' registros [] {"uid":"4f735ef"}
[2026-05-12 14:25:00] slim-app.INFO: Slim-Skeleton '/' usuarios [] {"uid":"cad800e"}
[2026-05-12 14:25:02] slim-app.INFO: Slim-Skeleton '/' registros [] {"uid":"2448685"}
[2026-05-12 14:25:31] slim-app.INFO: Slim-Skeleton '/' login [] {"uid":"c1e157a"}
[2026-05-12 14:25:39] slim-app.INFO: Slim-Skeleton 'usuario/login/' 1 [] {"uid":"ed08dd3"}
[2026-05-12 14:25:39] slim-app.INFO: Slim-Skeleton '/' registros [] {"uid":"8e72a55"}
[2026-05-12 14:25:43] slim-app.INFO: Slim-Skeleton '/' usuarios [] {"uid":"5ecd644"}
[2026-05-12 14:25:45] slim-app.INFO: Slim-Skeleton '/' registros [] {"uid":"73de618"}
[2026-05-12 14:26:10] slim-app.INFO: Slim-Skeleton '/' registros [] {"uid":"cc77f19"}
[2026-05-12 14:26:12] slim-app.INFO: Slim-Skeleton '/' login [] {"uid":"fb6296f"}
[2026-05-12 14:26:20] slim-app.INFO: Slim-Skeleton 'usuario/login/' 1 [] {"uid":"e116f42"}
[2026-05-12 14:26:20] slim-app.INFO: Slim-Skeleton '/' registros [] {"uid":"92c8b4e"}
[2026-05-12 14:26:23] slim-app.INFO: Slim-Skeleton '/' usuarios [] {"uid":"b2ab1c9"}
[2026-05-12 14:26:25] slim-app.INFO: Slim-Skeleton '/' login [] {"uid":"13cfc72"}
[2026-05-12 14:26:48] slim-app.INFO: Slim-Skeleton 'usuario/login/' 1 [] {"uid":"462a005"}
[2026-05-12 14:26:48] slim-app.INFO: Slim-Skeleton '/' registros [] {"uid":"16bd93d"}
[2026-05-12 14:26:51] slim-app.INFO: Slim-Skeleton '/' usuarios [] {"uid":"39eface"}
[2026-05-12 14:26:54] slim-app.INFO: Slim-Skeleton '/' registros [] {"uid":"86b9370"}
[2026-05-12 14:26:56] slim-app.INFO: Slim-Skeleton '/' login [] {"uid":"94fb7f7"}
[2026-05-12 14:27:43] slim-app.INFO: Slim-Skeleton 'usuario/login/' 1 [] {"uid":"8c540b9"}
[2026-05-12 14:27:43] slim-app.INFO: Slim-Skeleton '/' registros [] {"uid":"3090e06"}
